ln:88 - 2017-10-14 21:12:44 - crawler - WARNING - b'\n\t\t<html>\n\t\t<head>\n\t\t<title>\xd0\xc2\xc0\xcb\xcd\xa8\xd0\xd0\xd6\xa4</title>\n\t\t<meta http-equiv="refresh" content="0; url=&#39;https://login.sina.com.cn/crossdomain2.php?action=login&entry=miniblog&r=https%3A%2F%2Fpassport.weibo.com%2Fwbsso%2Flogin%3Fssosavestate%3D1539522759%26url%3Dhttps%253A%252F%252Fweibo.com%252Faj%252Fv6%252Fmblog%252Finfo%252Fbig%253Fajwvr%253D6%2526id%253D4153355700175560%2526__rnd%253D1507986744643%26ticket%3DST-NjE0MzA0NDg0OQ%3D%3D-1507986759-gz-9B8D94FA8B115A72232153A2032A8B93-1%26retcode%3D0&#39;"/>\n\t\t<meta http-equiv="Content-Type" content="text/html; charset=GBK" />\n\t\t</head>\n\t\t<body bgcolor="#ffffff" text="#000000" link="#0000cc" vlink="#551a8b" alink="#ff0000">\n\t\t<script type="text/javascript" language="javascript">\n\t\tlocation.replace("https://login.sina.com.cn/crossdomain2.php?action=login&entry=miniblog&r=https%3A%2F%2Fpassport.weibo.com%2Fwbsso%2Flogin%3Fssosavestate%3D1539522759%26url%3Dhttps%253A%252F%252Fweibo.com%252Faj%252Fv6%252Fmblog%252Finfo%252Fbig%253Fajwvr%253D6%2526id%253D4153355700175560%2526__rnd%253D1507986744643%26ticket%3DST-NjE0MzA0NDg0OQ%3D%3D-1507986759-gz-9B8D94FA8B115A72232153A2032A8B93-1%26retcode%3D0");\n\t\t</script>\n\t\t</body>\n\t\t</html>'
ln:89 - 2017-10-14 21:12:53 - crawler - WARNING - resp_to_text function
ln:242 - 2017-10-14 21:12:53 - crawler - WARNING - 'utf-8' codec can't decode byte 0xd0 in position 28: invalid continuation byte
ln:221 - 2017-10-14 21:12:53 - crawler - WARNING - 4153382631726007
ln:222 - 2017-10-14 21:12:53 - crawler - WARNING - @@@@@@@
ln:223 - 2017-10-14 21:12:53 - crawler - WARNING - 12
ln:224 - 2017-10-14 21:12:53 - crawler - WARNING - @@@@@@@
ln:226 - 2017-10-14 21:12:53 - crawler - WARNING - 4152043821902354->4153337437474305->4153382631726007
ln:86 - 2017-10-14 21:13:16 - crawler - WARNING - resp_to_text function
ln:87 - 2017-10-14 21:13:16 - crawler - WARNING - 4153382631726007
ln:88 - 2017-10-14 21:13:16 - crawler - WARNING - b'\n\t\t<html>\n\t\t<head>\n\t\t<title>\xd0\xc2\xc0\xcb\xcd\xa8\xd0\xd0\xd6\xa4</title>\n\t\t<meta http-equiv="refresh" content="0; url=&#39;https://login.sina.com.cn/crossdomain2.php?action=login&entry=miniblog&r=https%3A%2F%2Fpassport.weibo.com%2Fwbsso%2Flogin%3Fssosavestate%3D1539522788%26url%3Dhttps%253A%252F%252Fweibo.com%252Faj%252Fv6%252Fmblog%252Finfo%252Fbig%253Fajwvr%253D6%2526id%253D4153382631726007%2526__rnd%253D1507986773120%26ticket%3DST-NjE0MzA0NDg0OQ%3D%3D-1507986788-gz-83824550E49360DDFE5804E9E10A0183-1%26retcode%3D0&#39;"/>\n\t\t<meta http-equiv="Content-Type" content="text/html; charset=GBK" />\n\t\t</head>\n\t\t<body bgcolor="#ffffff" text="#000000" link="#0000cc" vlink="#551a8b" alink="#ff0000">\n\t\t<script type="text/javascript" language="javascript">\n\t\tlocation.replace("https://login.sina.com.cn/crossdomain2.php?action=login&entry=miniblog&r=https%3A%2F%2Fpassport.weibo.com%2Fwbsso%2Flogin%3Fssosavestate%3D1539522788%26url%3Dhttps%253A%252F%252Fweibo.com%252Faj%252Fv6%252Fmblog%252Finfo%252Fbig%253Fajwvr%253D6%2526id%253D4153382631726007%2526__rnd%253D1507986773120%26ticket%3DST-NjE0MzA0NDg0OQ%3D%3D-1507986788-gz-83824550E49360DDFE5804E9E10A0183-1%26retcode%3D0");\n\t\t</script>\n\t\t</body>\n\t\t</html>'
ln:89 - 2017-10-14 21:13:16 - crawler - WARNING - resp_to_text function
ln:242 - 2017-10-14 21:13:16 - crawler - WARNING - 'utf-8' codec can't decode byte 0xd0 in position 28: invalid continuation byte
ln:221 - 2017-10-14 21:13:16 - crawler - WARNING - 4153411148966402
ln:222 - 2017-10-14 21:13:16 - crawler - WARNING - @@@@@@@
ln:223 - 2017-10-14 21:13:16 - crawler - WARNING - 3
ln:224 - 2017-10-14 21:13:16 - crawler - WARNING - @@@@@@@
ln:226 - 2017-10-14 21:13:16 - crawler - WARNING - 4152052344671841->4153352386824529->4153411148966402
ln:86 - 2017-10-14 21:13:37 - crawler - WARNING - resp_to_text function
ln:87 - 2017-10-14 21:13:37 - crawler - WARNING - 4153411148966402
ln:88 - 2017-10-14 21:13:37 - crawler - WARNING - b'\n\t\t<html>\n\t\t<head>\n\t\t<title>\xd0\xc2\xc0\xcb\xcd\xa8\xd0\xd0\xd6\xa4</title>\n\t\t<meta http-equiv="refresh" content="0; url=&#39;https://login.sina.com.cn/crossdomain2.php?action=login&entry=miniblog&r=https%3A%2F%2Fpassport.weibo.com%2Fwbsso%2Flogin%3Fssosavestate%3D1539522810%26url%3Dhttps%253A%252F%252Fweibo.com%252Faj%252Fv6%252Fmblog%252Finfo%252Fbig%253Fajwvr%253D6%2526id%253D4153411148966402%2526__rnd%253D1507986796122%26ticket%3DST-NjE0MzA0NDg0OQ%3D%3D-1507986810-gz-BA63528CA4C44AB93EC4091A5422830E-1%26retcode%3D0&#39;"/>\n\t\t<meta http-equiv="Content-Type" content="text/html; charset=GBK" />\n\t\t</head>\n\t\t<body bgcolor="#ffffff" text="#000000" link="#0000cc" vlink="#551a8b" alink="#ff0000">\n\t\t<script type="text/javascript" language="javascript">\n\t\tlocation.replace("https://login.sina.com.cn/crossdomain2.php?action=login&entry=miniblog&r=https%3A%2F%2Fpassport.weibo.com%2Fwbsso%2Flogin%3Fssosavestate%3D1539522810%26url%3Dhttps%253A%252F%252Fweibo.com%252Faj%252Fv6%252Fmblog%252Finfo%252Fbig%253Fajwvr%253D6%2526id%253D4153411148966402%2526__rnd%253D1507986796122%26ticket%3DST-NjE0MzA0NDg0OQ%3D%3D-1507986810-gz-BA63528CA4C44AB93EC4091A5422830E-1%26retcode%3D0");\n\t\t</script>\n\t\t</body>\n\t\t</html>'
ln:89 - 2017-10-14 21:13:37 - crawler - WARNING - resp_to_text function
ln:242 - 2017-10-14 21:13:38 - crawler - WARNING - 'utf-8' codec can't decode byte 0xd0 in position 28: invalid continuation byte
ln:221 - 2017-10-14 21:13:38 - crawler - WARNING - 4151847076107975
ln:222 - 2017-10-14 21:13:38 - crawler - WARNING - @@@@@@@
ln:223 - 2017-10-14 21:13:38 - crawler - WARNING - 3
ln:224 - 2017-10-14 21:13:38 - crawler - WARNING - @@@@@@@
ln:226 - 2017-10-14 21:13:38 - crawler - WARNING - 4151601239043626->4151818131381481->4151821570112204->4151847076107975
